2019-04-26 10:51:32.578  INFO 10724 --- [main] c.s.SpringBootHelloQuickApplicationTests : Starting SpringBootHelloQuickApplicationTests on CIT-SIYL with PID 10724 (started by Administrator in E:\MyProject\Java_Web\trunk\SpringBoot\spring-boot-hello-quick)
2019-04-26 10:51:32.578 DEBUG 10724 --- [main] c.s.SpringBootHelloQuickApplicationTests : Running with Spring Boot v2.1.4.RELEASE, Spring v5.1.6.RELEASE
2019-04-26 10:51:32.598  INFO 10724 --- [main] c.s.SpringBootHelloQuickApplicationTests : The following profiles are active: dev
2019-04-26 10:51:35.692  INFO 10724 --- [main] o.s.s.concurrent.ThreadPoolTaskExecutor  : Initializing ExecutorService 'applicationTaskExecutor'
2019-04-26 10:51:36.275  INFO 10724 --- [main] c.s.SpringBootHelloQuickApplicationTests : Started SpringBootHelloQuickApplicationTests in 4.407 seconds (JVM running for 5.715)
2019-04-26 10:51:36.592 TRACE 10724 --- [main] c.s.SpringBootHelloQuickApplicationTests : 这是trace日志...
2019-04-26 10:51:36.592 DEBUG 10724 --- [main] c.s.SpringBootHelloQuickApplicationTests : 这是debug日志...
2019-04-26 10:51:36.592  INFO 10724 --- [main] c.s.SpringBootHelloQuickApplicationTests : 这是info日志...
2019-04-26 10:51:36.592  WARN 10724 --- [main] c.s.SpringBootHelloQuickApplicationTests : 这是warn日志...
2019-04-26 10:51:36.592 ERROR 10724 --- [main] c.s.SpringBootHelloQuickApplicationTests : 这是error日志...
2019-04-26 10:51:36.612  INFO 10724 --- [Thread-2] o.s.s.concurrent.ThreadPoolTaskExecutor  : Shutting down ExecutorService 'applicationTaskExecutor'
2019-04-26 10:59:41.214  INFO 8652 --- [main] c.s.SpringBootHelloQuickApplicationTests : Starting SpringBootHelloQuickApplicationTests on CIT-SIYL with PID 8652 (started by Administrator in E:\MyProject\Java_Web\trunk\SpringBoot\spring-boot-hello-quick)
2019-04-26 10:59:41.214 DEBUG 8652 --- [main] c.s.SpringBootHelloQuickApplicationTests : Running with Spring Boot v2.1.4.RELEASE, Spring v5.1.6.RELEASE
2019-04-26 10:59:41.214  INFO 8652 --- [main] c.s.SpringBootHelloQuickApplicationTests : The following profiles are active: dev
2019-04-26 10:59:44.089  INFO 8652 --- [main] o.s.s.concurrent.ThreadPoolTaskExecutor  : Initializing ExecutorService 'applicationTaskExecutor'
2019-04-26 10:59:44.649  INFO 8652 --- [main] c.s.SpringBootHelloQuickApplicationTests : Started SpringBootHelloQuickApplicationTests in 4.087 seconds (JVM running for 5.348)
2019-04-26 10:59:45.032 TRACE 8652 --- [main] c.s.SpringBootHelloQuickApplicationTests : 这是trace日志...
2019-04-26 10:59:45.032 DEBUG 8652 --- [main] c.s.SpringBootHelloQuickApplicationTests : 这是debug日志...
2019-04-26 10:59:45.032  INFO 8652 --- [main] c.s.SpringBootHelloQuickApplicationTests : 这是info日志...
2019-04-26 10:59:45.032  WARN 8652 --- [main] c.s.SpringBootHelloQuickApplicationTests : 这是warn日志...
2019-04-26 10:59:45.032 ERROR 8652 --- [main] c.s.SpringBootHelloQuickApplicationTests : 这是error日志...
2019-04-26 10:59:45.042  INFO 8652 --- [Thread-2] o.s.s.concurrent.ThreadPoolTaskExecutor  : Shutting down ExecutorService 'applicationTaskExecutor'
2019-04-26 === [main] === INFO  === com.cit.siyl.SpringBootHelloQuickApplicationTests ==== Starting SpringBootHelloQuickApplicationTests on CIT-SIYL with PID 10884 (started by Administrator in E:\MyProject\Java_Web\trunk\SpringBoot\spring-boot-hello-quick)
2019-04-26 === [main] === DEBUG === com.cit.siyl.SpringBootHelloQuickApplicationTests ==== Running with Spring Boot v2.1.4.RELEASE, Spring v5.1.6.RELEASE
2019-04-26 === [main] === INFO  === com.cit.siyl.SpringBootHelloQuickApplicationTests ==== The following profiles are active: dev
2019-04-26 === [main] === INFO  === o.s.scheduling.concurrent.ThreadPoolTaskExecutor ==== Initializing ExecutorService 'applicationTaskExecutor'
2019-04-26 === [main] === INFO  === com.cit.siyl.SpringBootHelloQuickApplicationTests ==== Started SpringBootHelloQuickApplicationTests in 4.233 seconds (JVM running for 5.5)
2019-04-26 === [main] === TRACE === com.cit.siyl.SpringBootHelloQuickApplicationTests ==== 这是trace日志...
2019-04-26 === [main] === DEBUG === com.cit.siyl.SpringBootHelloQuickApplicationTests ==== 这是debug日志...
2019-04-26 === [main] === INFO  === com.cit.siyl.SpringBootHelloQuickApplicationTests ==== 这是info日志...
2019-04-26 === [main] === WARN  === com.cit.siyl.SpringBootHelloQuickApplicationTests ==== 这是warn日志...
2019-04-26 === [main] === ERROR === com.cit.siyl.SpringBootHelloQuickApplicationTests ==== 这是error日志...
2019-04-26 === [Thread-2] === INFO  === o.s.scheduling.concurrent.ThreadPoolTaskExecutor ==== Shutting down ExecutorService 'applicationTaskExecutor'
